f:\work\segeda olexandr 2\cpp_railway\railway2\railway2\x64\release\vc143.pdb
f:\work\segeda olexandr 2\cpp_railway\railway2\railway2\x64\release\railway2.obj
f:\work\segeda olexandr 2\cpp_railway\railway2\railway2\x64\release\tileclass.obj
f:\work\segeda olexandr 2\cpp_railway\railway2\railway2\x64\release\microsoft\stl\std.ixx.ifc
f:\work\segeda olexandr 2\cpp_railway\railway2\railway2\x64\release\microsoft\stl\std.ixx.ifc.d.json
f:\work\segeda olexandr 2\cpp_railway\railway2\railway2\x64\release\microsoft\stl\std.ixx.obj
f:\work\segeda olexandr 2\cpp_railway\railway2\railway2\x64\release\microsoft\stl\std.compat.ixx.ifc
f:\work\segeda olexandr 2\cpp_railway\railway2\railway2\x64\release\microsoft\stl\std.compat.ixx.ifc.d.json
f:\work\segeda olexandr 2\cpp_railway\railway2\railway2\x64\release\microsoft\stl\std.compat.ixx.obj
f:\work\segeda olexandr 2\cpp_railway\railway2\x64\release\railway2.exe
f:\work\segeda olexandr 2\cpp_railway\railway2\x64\release\railway2.pdb
f:\work\segeda olexandr 2\cpp_railway\railway2\railway2\x64\release\railway2.res
f:\work\segeda olexandr 2\cpp_railway\railway2\railway2\x64\release\microsoft\stl\std.ixx.module.json
f:\work\segeda olexandr 2\cpp_railway\railway2\railway2\x64\release\microsoft\stl\std.compat.ixx.module.json
f:\work\segeda olexandr 2\cpp_railway\railway2\railway2\x64\release\railway2.ipdb
f:\work\segeda olexandr 2\cpp_railway\railway2\railway2\x64\release\railway2.iobj
f:\work\segeda olexandr 2\cpp_railway\railway2\railway2\x64\release\railway2.tlog\cl.command.1.tlog
f:\work\segeda olexandr 2\cpp_railway\railway2\railway2\x64\release\railway2.tlog\cl.items.tlog
f:\work\segeda olexandr 2\cpp_railway\railway2\railway2\x64\release\railway2.tlog\cl.read.1.tlog
f:\work\segeda olexandr 2\cpp_railway\railway2\railway2\x64\release\railway2.tlog\cl.write.1.tlog
f:\work\segeda olexandr 2\cpp_railway\railway2\railway2\x64\release\railway2.tlog\link.command.1.tlog
f:\work\segeda olexandr 2\cpp_railway\railway2\railway2\x64\release\railway2.tlog\link.read.1.tlog
f:\work\segeda olexandr 2\cpp_railway\railway2\railway2\x64\release\railway2.tlog\link.secondary.1.tlog
f:\work\segeda olexandr 2\cpp_railway\railway2\railway2\x64\release\railway2.tlog\link.write.1.tlog
f:\work\segeda olexandr 2\cpp_railway\railway2\railway2\x64\release\railway2.tlog\rc.command.1.tlog
f:\work\segeda olexandr 2\cpp_railway\railway2\railway2\x64\release\railway2.tlog\rc.read.1.tlog
f:\work\segeda olexandr 2\cpp_railway\railway2\railway2\x64\release\railway2.tlog\rc.write.1.tlog
f:\work\segeda olexandr 2\cpp_railway\railway2\railway2\x64\release\railway2_md.tlog\cl.command.1.tlog
f:\work\segeda olexandr 2\cpp_railway\railway2\railway2\x64\release\railway2_md.tlog\microsoft.build.cpptasks.cl.read.1.tlog
f:\work\segeda olexandr 2\cpp_railway\railway2\railway2\x64\release\railway2_md.tlog\microsoft.build.cpptasks.cl.write.1.tlog
